--- Log de Erros em 2025-09-09 20:07:08 ---
--- Log de Erros em 2025-09-09 20:23:44 ---
--- Log de Erros em 2025-09-09 20:23:50 ---
Linha 22: Formato inválido - []
--- Log de Erros em 2025-09-09 20:24:02 ---
Linha 2: Formato inválido - ['Alice\t5\t150.0']
Linha 3: Formato inválido - ['Bruno\t3\t80.5']
Linha 4: Formato inválido - ['Carla\t4\t120.0']
Linha 5: Formato inválido - ['Daniel\t2\t50.0']
Linha 6: Formato inválido - ['Eduardo\t6\t200.0']
Linha 7: Formato inválido - ['Fernanda 3\t90.0']
Linha 8: Formato inválido - ['Gabriel\t4\t110.0']
Linha 9: Formato inválido - ['Helena\t5\t160.0']
Linha 10: Formato inválido - ['Igor\t2\t45.0']
Linha 11: Formato inválido - ['Juliana\t3\t85.0']
Linha 12: Formato inválido - ['Karina\t4\t130.0']
Linha 13: Formato inválido - ['Leonardo 5\t155.0']
Linha 14: Formato inválido - ['Mariana\t6\t210.0']
Linha 15: Formato inválido - ['Nicolas\t2\t60.0']
Linha 16: Formato inválido - ['Olivia\t3\t95.0']
Linha 17: Formato inválido - ['Paulo\t4\t125.0']
Linha 18: Formato inválido - ['Quintino\t5\t165.0']
Linha 19: Formato inválido - ['Rafaela\t3\t70.0']
Linha 20: Formato inválido - ['Samuel\t2\t55.0']
Linha 21: Formato inválido - ['Tatiane\t4\t140.0']
